<?xml version="1.0" encoding="UTF-8"?>
<testsuite xmlns:xsi="http://www.w3.org/2001/XMLSchema-instance" xsi:noNamespaceSchemaLocation="https://maven.apache.org/surefire/maven-surefire-plugin/xsd/surefire-test-report.xsd" version="3.0.2" name="org.semaphor34.TestMethodInvoker" time="1.255" tests="1" errors="0" skipped="0" failures="0">
  <properties>
[...]
</properties>
  <testcase name="testFallbackMethodIsInvokedOnInstance" classname="org.semaphor34.TestMethodInvoker" time="1.213">
    <system-out><![CDATA[methodForCanvasFallback3 has been invoked for fancyMethodCanvas
]]></system-out>
  </testcase>
</testsuite>